{"E:\\others\\ecom-task\\ecom-task\\src\\__mocks__\\handlers.ts": {"path":"E:\\others\\ecom-task\\ecom-task\\src\\__mocks__\\handlers.ts","statementMap":{"0":{"start":{"line":5,"column":24},"end":{"line":17,"column":null}},"1":{"start":{"line":7,"column":4},"end":{"line":7,"column":null}},"2":{"start":{"line":10,"column":19},"end":{"line":10,"column":null}},"3":{"start":{"line":11,"column":20},"end":{"line":11,"column":null}},"4":{"start":{"line":11,"column":45},"end":{"line":11,"column":64}},"5":{"start":{"line":12,"column":4},"end":{"line":14,"column":null}},"6":{"start":{"line":13,"column":6},"end":{"line":13,"column":null}},"7":{"start":{"line":15,"column":4},"end":{"line":15,"column":null}}},"fnMap":{"0":{"name":"(anonymous_0)","decl":{"start":{"line":6,"column":37},"end":{"line":6,"column":43}},"loc":{"start":{"line":6,"column":43},"end":{"line":8,"column":3}},"line":6},"1":{"name":"(anonymous_1)","decl":{"start":{"line":9,"column":41},"end":{"line":9,"column":42}},"loc":{"start":{"line":9,"column":57},"end":{"line":16,"column":3}},"line":9},"2":{"name":"(anonymous_2)","decl":{"start":{"line":11,"column":38},"end":{"line":11,"column":39}},"loc":{"start":{"line":11,"column":45},"end":{"line":11,"column":64}},"line":11}},"branchMap":{"0":{"loc":{"start":{"line":12,"column":4},"end":{"line":14,"column":null}},"type":"if","locations":[{"start":{"line":12,"column":4},"end":{"line":14,"column":null}},{"start":{},"end":{}}],"line":12}},"s":{"0":12,"1":17,"2":8,"3":8,"4":10,"5":8,"6":8,"7":0},"f":{"0":17,"1":8,"2":10},"b":{"0":[8,0]},"meta":{"lastBranch":1,"lastFunction":3,"lastStatement":8,"seen":{"s:5:24:17:Infinity":0,"f:6:37:6:43":0,"s:7:4:7:Infinity":1,"f:9:41:9:42":1,"s:10:19:10:Infinity":2,"s:11:20:11:Infinity":3,"f:11:38:11:39":2,"s:11:45:11:64":4,"b:12:4:14:Infinity:undefined:undefined:undefined:undefined":0,"s:12:4:14:Infinity":5,"s:13:6:13:Infinity":6,"s:15:4:15:Infinity":7}}}
,"E:\\others\\ecom-task\\ecom-task\\src\\__mocks__\\mock-product.ts": {"path":"E:\\others\\ecom-task\\ecom-task\\src\\__mocks__\\mock-product.ts","statementMap":{"0":{"start":{"line":1,"column":28},"end":{"line":42,"column":null}},"1":{"start":{"line":44,"column":33},"end":{"line":44,"column":null}}},"fnMap":{},"branchMap":{},"s":{"0":12,"1":12},"f":{},"b":{},"meta":{"lastBranch":0,"lastFunction":0,"lastStatement":2,"seen":{"s:1:28:42:Infinity":0,"s:44:33:44:Infinity":1}}}
,"E:\\others\\ecom-task\\ecom-task\\src\\__mocks__\\node.ts": {"path":"E:\\others\\ecom-task\\ecom-task\\src\\__mocks__\\node.ts","statementMap":{"0":{"start":{"line":4,"column":13},"end":{"line":4,"column":null}}},"fnMap":{},"branchMap":{},"s":{"0":12},"f":{},"b":{},"meta":{"lastBranch":0,"lastFunction":0,"lastStatement":1,"seen":{"s:4:13:4:Infinity":0}}}
,"E:\\others\\ecom-task\\ecom-task\\src\\components\\category-filter.tsx": {"path":"E:\\others\\ecom-task\\ecom-task\\src\\components\\category-filter.tsx","statementMap":{"0":{"start":{"line":6,"column":13},"end":{"line":25,"column":null}},"1":{"start":{"line":9,"column":8},"end":{"line":9,"column":null}},"2":{"start":{"line":11,"column":23},"end":{"line":13,"column":null}},"3":{"start":{"line":12,"column":4},"end":{"line":12,"column":null}},"4":{"start":{"line":15,"column":2},"end":{"line":23,"column":null}},"5":{"start":{"line":26,"column":0},"end":{"line":26,"column":null}}},"fnMap":{"0":{"name":"(anonymous_0)","decl":{"start":{"line":8,"column":3},"end":{"line":8,"column":4}},"loc":{"start":{"line":8,"column":21},"end":{"line":25,"column":1}},"line":8},"1":{"name":"(anonymous_1)","decl":{"start":{"line":11,"column":23},"end":{"line":11,"column":24}},"loc":{"start":{"line":11,"column":42},"end":{"line":13,"column":null}},"line":11}},"branchMap":{},"s":{"0":1,"1":17,"2":17,"3":1,"4":17,"5":1},"f":{"0":17,"1":1},"b":{},"meta":{"lastBranch":0,"lastFunction":2,"lastStatement":6,"seen":{"s:6:13:25:Infinity":0,"f:8:3:8:4":0,"s:9:8:9:Infinity":1,"s:11:23:13:Infinity":2,"f:11:23:11:24":1,"s:12:4:12:Infinity":3,"s:15:2:23:Infinity":4,"s:26:0:26:Infinity":5}}}
,"E:\\others\\ecom-task\\ecom-task\\src\\components\\sort-by.tsx": {"path":"E:\\others\\ecom-task\\ecom-task\\src\\components\\sort-by.tsx","statementMap":{"0":{"start":{"line":9,"column":4},"end":{"line":13,"column":null}},"1":{"start":{"line":15,"column":13},"end":{"line":47,"column":null}},"2":{"start":{"line":18,"column":8},"end":{"line":18,"column":null}},"3":{"start":{"line":19,"column":23},"end":{"line":21,"column":null}},"4":{"start":{"line":20,"column":4},"end":{"line":20,"column":null}},"5":{"start":{"line":23,"column":8},"end":{"line":31,"column":null}},"6":{"start":{"line":25,"column":6},"end":{"line":29,"column":null}},"7":{"start":{"line":26,"column":8},"end":{"line":28,"column":null}},"8":{"start":{"line":33,"column":2},"end":{"line":45,"column":null}},"9":{"start":{"line":39,"column":14},"end":{"line":39,"column":null}}},"fnMap":{"0":{"name":"(anonymous_0)","decl":{"start":{"line":17,"column":3},"end":{"line":17,"column":4}},"loc":{"start":{"line":17,"column":19},"end":{"line":47,"column":1}},"line":17},"1":{"name":"(anonymous_1)","decl":{"start":{"line":19,"column":23},"end":{"line":19,"column":24}},"loc":{"start":{"line":19,"column":49},"end":{"line":21,"column":null}},"line":19},"2":{"name":"(anonymous_2)","decl":{"start":{"line":24,"column":4},"end":{"line":24,"column":null}},"loc":{"start":{"line":25,"column":6},"end":{"line":29,"column":null}},"line":25},"3":{"name":"(anonymous_3)","decl":{"start":{"line":25,"column":33},"end":{"line":25,"column":34}},"loc":{"start":{"line":26,"column":8},"end":{"line":28,"column":null}},"line":26},"4":{"name":"(anonymous_4)","decl":{"start":{"line":38,"column":13},"end":{"line":38,"column":14}},"loc":{"start":{"line":39,"column":14},"end":{"line":39,"column":null}},"line":39}},"branchMap":{"0":{"loc":{"start":{"line":26,"column":77},"end":{"line":26,"column":null}},"type":"cond-expr","locations":[{"start":{"line":26,"column":96},"end":{"line":26,"column":103}},{"start":{"line":26,"column":103},"end":{"line":26,"column":null}}],"line":26},"1":{"loc":{"start":{"line":27,"column":11},"end":{"line":27,"column":null}},"type":"binary-expr","locations":[{"start":{"line":27,"column":11},"end":{"line":27,"column":20}},{"start":{"line":27,"column":20},"end":{"line":27,"column":null}}],"line":27},"2":{"loc":{"start":{"line":39,"column":14},"end":{"line":39,"column":null}},"type":"cond-expr","locations":[{"start":{"line":39,"column":22},"end":{"line":39,"column":38}},{"start":{"line":39,"column":38},"end":{"line":39,"column":null}}],"line":39}},"s":{"0":1,"1":1,"2":17,"3":17,"4":1,"5":17,"6":16,"7":48,"8":17,"9":19},"f":{"0":17,"1":1,"2":16,"3":48,"4":19},"b":{"0":[16,32],"1":[48,16],"2":[2,17]},"meta":{"lastBranch":3,"lastFunction":5,"lastStatement":10,"seen":{"s:9:4:13:Infinity":0,"s:15:13:47:Infinity":1,"f:17:3:17:4":0,"s:18:8:18:Infinity":2,"s:19:23:21:Infinity":3,"f:19:23:19:24":1,"s:20:4:20:Infinity":4,"s:23:8:31:Infinity":5,"f:24:4:24:Infinity":2,"s:25:6:29:Infinity":6,"f:25:33:25:34":3,"s:26:8:28:Infinity":7,"b:26:96:26:103:26:103:26:Infinity":0,"b:27:11:27:20:27:20:27:Infinity":1,"s:33:2:45:Infinity":8,"f:38:13:38:14":4,"s:39:14:39:Infinity":9,"b:39:22:39:38:39:38:39:Infinity":2}}}
,"E:\\others\\ecom-task\\ecom-task\\src\\components\\app-navigation\\index.tsx": {"path":"E:\\others\\ecom-task\\ecom-task\\src\\components\\app-navigation\\index.tsx","statementMap":{"0":{"start":{"line":13,"column":2},"end":{"line":39,"column":null}},"1":{"start":{"line":43,"column":13},"end":{"line":73,"column":null}},"2":{"start":{"line":44,"column":8},"end":{"line":44,"column":null}},"3":{"start":{"line":45,"column":8},"end":{"line":45,"column":null}},"4":{"start":{"line":45,"column":53},"end":{"line":45,"column":67}},"5":{"start":{"line":46,"column":34},"end":{"line":46,"column":null}},"6":{"start":{"line":47,"column":8},"end":{"line":50,"column":null}},"7":{"start":{"line":48,"column":4},"end":{"line":48,"column":null}},"8":{"start":{"line":49,"column":4},"end":{"line":49,"column":null}},"9":{"start":{"line":52,"column":2},"end":{"line":54,"column":null}},"10":{"start":{"line":53,"column":4},"end":{"line":53,"column":null}},"11":{"start":{"line":56,"column":23},"end":{"line":60,"column":null}},"12":{"start":{"line":57,"column":18},"end":{"line":57,"column":null}},"13":{"start":{"line":58,"column":4},"end":{"line":58,"column":null}},"14":{"start":{"line":59,"column":4},"end":{"line":59,"column":null}},"15":{"start":{"line":62,"column":2},"end":{"line":71,"column":null}},"16":{"start":{"line":74,"column":0},"end":{"line":74,"column":null}}},"fnMap":{"0":{"name":"AppNavigation","decl":{"start":{"line":12,"column":29},"end":{"line":12,"column":45}},"loc":{"start":{"line":12,"column":45},"end":{"line":41,"column":1}},"line":12},"1":{"name":"(anonymous_1)","decl":{"start":{"line":43,"column":30},"end":{"line":43,"column":36}},"loc":{"start":{"line":43,"column":36},"end":{"line":73,"column":1}},"line":43},"2":{"name":"(anonymous_2)","decl":{"start":{"line":45,"column":36},"end":{"line":45,"column":37}},"loc":{"start":{"line":45,"column":53},"end":{"line":45,"column":67}},"line":45},"3":{"name":"(anonymous_3)","decl":{"start":{"line":47,"column":37},"end":{"line":47,"column":38}},"loc":{"start":{"line":47,"column":56},"end":{"line":50,"column":5}},"line":47},"4":{"name":"(anonymous_4)","decl":{"start":{"line":52,"column":12},"end":{"line":52,"column":18}},"loc":{"start":{"line":52,"column":18},"end":{"line":54,"column":5}},"line":52},"5":{"name":"(anonymous_5)","decl":{"start":{"line":56,"column":23},"end":{"line":56,"column":24}},"loc":{"start":{"line":56,"column":61},"end":{"line":60,"column":null}},"line":56}},"branchMap":{},"s":{"0":1,"1":2,"2":9,"3":9,"4":15,"5":9,"6":9,"7":1,"8":1,"9":9,"10":6,"11":9,"12":1,"13":1,"14":1,"15":9,"16":2},"f":{"0":1,"1":9,"2":15,"3":1,"4":6,"5":1},"b":{},"meta":{"lastBranch":0,"lastFunction":6,"lastStatement":17,"seen":{"f:12:29:12:45":0,"s:13:2:39:Infinity":0,"s:43:13:73:Infinity":1,"f:43:30:43:36":1,"s:44:8:44:Infinity":2,"s:45:8:45:Infinity":3,"f:45:36:45:37":2,"s:45:53:45:67":4,"s:46:34:46:Infinity":5,"s:47:8:50:Infinity":6,"f:47:37:47:38":3,"s:48:4:48:Infinity":7,"s:49:4:49:Infinity":8,"s:52:2:54:Infinity":9,"f:52:12:52:18":4,"s:53:4:53:Infinity":10,"s:56:23:60:Infinity":11,"f:56:23:56:24":5,"s:57:18:57:Infinity":12,"s:58:4:58:Infinity":13,"s:59:4:59:Infinity":14,"s:62:2:71:Infinity":15,"s:74:0:74:Infinity":16}}}
,"E:\\others\\ecom-task\\ecom-task\\src\\components\\loading\\app-loading.tsx": {"path":"E:\\others\\ecom-task\\ecom-task\\src\\components\\loading\\app-loading.tsx","statementMap":{"0":{"start":{"line":8,"column":13},"end":{"line":36,"column":null}},"1":{"start":{"line":9,"column":2},"end":{"line":34,"column":null}}},"fnMap":{"0":{"name":"AppLoading2","decl":{"start":{"line":8,"column":40},"end":{"line":8,"column":53}},"loc":{"start":{"line":8,"column":53},"end":{"line":36,"column":1}},"line":8}},"branchMap":{},"s":{"0":1,"1":0},"f":{"0":0},"b":{},"meta":{"lastBranch":0,"lastFunction":1,"lastStatement":2,"seen":{"s:8:13:36:Infinity":0,"f:8:40:8:53":0,"s:9:2:34:Infinity":1}}}
,"E:\\others\\ecom-task\\ecom-task\\src\\components\\loading\\product-card-skeleton.tsx": {"path":"E:\\others\\ecom-task\\ecom-task\\src\\components\\loading\\product-card-skeleton.tsx","statementMap":{"0":{"start":{"line":3,"column":13},"end":{"line":23,"column":null}},"1":{"start":{"line":4,"column":2},"end":{"line":21,"column":null}}},"fnMap":{"0":{"name":"ProductCardSkeleton2","decl":{"start":{"line":3,"column":49},"end":{"line":3,"column":71}},"loc":{"start":{"line":3,"column":71},"end":{"line":23,"column":1}},"line":3}},"branchMap":{},"s":{"0":1,"1":0},"f":{"0":0},"b":{},"meta":{"lastBranch":0,"lastFunction":1,"lastStatement":2,"seen":{"s:3:13:23:Infinity":0,"f:3:49:3:71":0,"s:4:2:21:Infinity":1}}}
,"E:\\others\\ecom-task\\ecom-task\\src\\components\\loading\\product-list-skeleton.tsx": {"path":"E:\\others\\ecom-task\\ecom-task\\src\\components\\loading\\product-list-skeleton.tsx","statementMap":{"0":{"start":{"line":4,"column":2},"end":{"line":9,"column":null}},"1":{"start":{"line":7,"column":8},"end":{"line":7,"column":null}}},"fnMap":{"0":{"name":"ProductListSkeleton","decl":{"start":{"line":3,"column":24},"end":{"line":3,"column":46}},"loc":{"start":{"line":3,"column":46},"end":{"line":11,"column":null}},"line":3},"1":{"name":"(anonymous_1)","decl":{"start":{"line":6,"column":37},"end":{"line":6,"column":38}},"loc":{"start":{"line":7,"column":8},"end":{"line":7,"column":null}},"line":7}},"branchMap":{},"s":{"0":0,"1":0},"f":{"0":0,"1":0},"b":{},"meta":{"lastBranch":0,"lastFunction":2,"lastStatement":2,"seen":{"f:3:24:3:46":0,"s:4:2:9:Infinity":0,"f:6:37:6:38":1,"s:7:8:7:Infinity":1}}}
,"E:\\others\\ecom-task\\ecom-task\\src\\components\\loading\\product.route.tsx": {"path":"E:\\others\\ecom-task\\ecom-task\\src\\components\\loading\\product.route.tsx","statementMap":{"0":{"start":{"line":4,"column":2},"end":{"line":4,"column":null}},"1":{"start":{"line":7,"column":13},"end":{"line":162,"column":null}},"2":{"start":{"line":8,"column":2},"end":{"line":160,"column":null}},"3":{"start":{"line":21,"column":14},"end":{"line":21,"column":null}},"4":{"start":{"line":61,"column":16},"end":{"line":61,"column":null}},"5":{"start":{"line":76,"column":16},"end":{"line":76,"column":null}},"6":{"start":{"line":90,"column":14},"end":{"line":96,"column":null}},"7":{"start":{"line":121,"column":20},"end":{"line":124,"column":null}},"8":{"start":{"line":135,"column":22},"end":{"line":141,"column":null}}},"fnMap":{"0":{"name":"Skeleton","decl":{"start":{"line":3,"column":9},"end":{"line":3,"column":18}},"loc":{"start":{"line":3,"column":62},"end":{"line":5,"column":null}},"line":3},"1":{"name":"ProductDetailsSkeleton2","decl":{"start":{"line":7,"column":52},"end":{"line":7,"column":77}},"loc":{"start":{"line":7,"column":77},"end":{"line":162,"column":1}},"line":7},"2":{"name":"(anonymous_2)","decl":{"start":{"line":20,"column":30},"end":{"line":20,"column":31}},"loc":{"start":{"line":21,"column":14},"end":{"line":21,"column":null}},"line":21},"3":{"name":"(anonymous_3)","decl":{"start":{"line":60,"column":35},"end":{"line":60,"column":36}},"loc":{"start":{"line":61,"column":16},"end":{"line":61,"column":null}},"line":61},"4":{"name":"(anonymous_4)","decl":{"start":{"line":75,"column":35},"end":{"line":75,"column":36}},"loc":{"start":{"line":76,"column":16},"end":{"line":76,"column":null}},"line":76},"5":{"name":"(anonymous_5)","decl":{"start":{"line":89,"column":27},"end":{"line":89,"column":28}},"loc":{"start":{"line":90,"column":14},"end":{"line":96,"column":null}},"line":90},"6":{"name":"(anonymous_6)","decl":{"start":{"line":120,"column":36},"end":{"line":120,"column":37}},"loc":{"start":{"line":121,"column":20},"end":{"line":124,"column":null}},"line":121},"7":{"name":"(anonymous_7)","decl":{"start":{"line":134,"column":41},"end":{"line":134,"column":42}},"loc":{"start":{"line":135,"column":22},"end":{"line":141,"column":null}},"line":135}},"branchMap":{"0":{"loc":{"start":{"line":3,"column":20},"end":{"line":3,"column":35}},"type":"default-arg","locations":[{"start":{"line":3,"column":32},"end":{"line":3,"column":35}}],"line":3},"1":{"loc":{"start":{"line":137,"column":59},"end":{"line":137,"column":103}},"type":"cond-expr","locations":[{"start":{"line":137,"column":67},"end":{"line":137,"column":101}},{"start":{"line":137,"column":101},"end":{"line":137,"column":103}}],"line":137}},"s":{"0":0,"1":1,"2":0,"3":0,"4":0,"5":0,"6":0,"7":0,"8":0},"f":{"0":0,"1":0,"2":0,"3":0,"4":0,"5":0,"6":0,"7":0},"b":{"0":[0],"1":[0,0]},"meta":{"lastBranch":2,"lastFunction":8,"lastStatement":9,"seen":{"f:3:9:3:18":0,"b:3:32:3:35":0,"s:4:2:4:Infinity":0,"s:7:13:162:Infinity":1,"f:7:52:7:77":1,"s:8:2:160:Infinity":2,"f:20:30:20:31":2,"s:21:14:21:Infinity":3,"f:60:35:60:36":3,"s:61:16:61:Infinity":4,"f:75:35:75:36":4,"s:76:16:76:Infinity":5,"f:89:27:89:28":5,"s:90:14:96:Infinity":6,"f:120:36:120:37":6,"s:121:20:124:Infinity":7,"f:134:41:134:42":7,"s:135:22:141:Infinity":8,"b:137:67:137:101:137:101:137:103":1}}}
,"E:\\others\\ecom-task\\ecom-task\\src\\components\\product\\empty-state.tsx": {"path":"E:\\others\\ecom-task\\ecom-task\\src\\components\\product\\empty-state.tsx","statementMap":{"0":{"start":{"line":10,"column":13},"end":{"line":61,"column":null}},"1":{"start":{"line":11,"column":8},"end":{"line":11,"column":null}},"2":{"start":{"line":13,"column":29},"end":{"line":15,"column":null}},"3":{"start":{"line":14,"column":4},"end":{"line":14,"column":null}},"4":{"start":{"line":17,"column":2},"end":{"line":59,"column":null}},"5":{"start":{"line":63,"column":0},"end":{"line":63,"column":null}}},"fnMap":{"0":{"name":"(anonymous_0)","decl":{"start":{"line":10,"column":48},"end":{"line":10,"column":49}},"loc":{"start":{"line":10,"column":68},"end":{"line":61,"column":1}},"line":10},"1":{"name":"(anonymous_1)","decl":{"start":{"line":13,"column":29},"end":{"line":13,"column":35}},"loc":{"start":{"line":13,"column":35},"end":{"line":15,"column":null}},"line":13}},"branchMap":{"0":{"loc":{"start":{"line":40,"column":9},"end":{"line":40,"column":null}},"type":"cond-expr","locations":[{"start":{"line":40,"column":22},"end":{"line":40,"column":44}},{"start":{"line":40,"column":44},"end":{"line":40,"column":null}}],"line":40},"1":{"loc":{"start":{"line":43,"column":9},"end":{"line":45,"column":null}},"type":"cond-expr","locations":[{"start":{"line":44,"column":12},"end":{"line":44,"column":null}},{"start":{"line":45,"column":12},"end":{"line":45,"column":null}}],"line":43},"2":{"loc":{"start":{"line":48,"column":7},"end":{"line":57,"column":null}},"type":"binary-expr","locations":[{"start":{"line":48,"column":7},"end":{"line":48,"column":null}},{"start":{"line":49,"column":8},"end":{"line":57,"column":null}}],"line":48}},"s":{"0":3,"1":23,"2":23,"3":1,"4":23,"5":3},"f":{"0":23,"1":1},"b":{"0":[11,12],"1":[11,12],"2":[23,11]},"meta":{"lastBranch":3,"lastFunction":2,"lastStatement":6,"seen":{"s:10:13:61:Infinity":0,"f:10:48:10:49":0,"s:11:8:11:Infinity":1,"s:13:29:15:Infinity":2,"f:13:29:13:35":1,"s:14:4:14:Infinity":3,"s:17:2:59:Infinity":4,"b:40:22:40:44:40:44:40:Infinity":0,"b:44:12:44:Infinity:45:12:45:Infinity":1,"b:48:7:48:Infinity:49:8:57:Infinity":2,"s:63:0:63:Infinity":5}}}
,"E:\\others\\ecom-task\\ecom-task\\src\\components\\product\\product-card.tsx": {"path":"E:\\others\\ecom-task\\ecom-task\\src\\components\\product\\product-card.tsx","statementMap":{"0":{"start":{"line":10,"column":13},"end":{"line":52,"column":null}},"1":{"start":{"line":11,"column":2},"end":{"line":50,"column":null}},"2":{"start":{"line":53,"column":0},"end":{"line":53,"column":null}}},"fnMap":{"0":{"name":"(anonymous_0)","decl":{"start":{"line":10,"column":54},"end":{"line":10,"column":55}},"loc":{"start":{"line":10,"column":71},"end":{"line":52,"column":1}},"line":10}},"branchMap":{},"s":{"0":3,"1":56,"2":3},"f":{"0":56},"b":{},"meta":{"lastBranch":0,"lastFunction":1,"lastStatement":3,"seen":{"s:10:13:52:Infinity":0,"f:10:54:10:55":0,"s:11:2:50:Infinity":1,"s:53:0:53:Infinity":2}}}
,"E:\\others\\ecom-task\\ecom-task\\src\\components\\product\\products-list.tsx": {"path":"E:\\others\\ecom-task\\ecom-task\\src\\components\\product\\products-list.tsx","statementMap":{"0":{"start":{"line":9,"column":13},"end":{"line":17,"column":null}},"1":{"start":{"line":10,"column":2},"end":{"line":15,"column":null}},"2":{"start":{"line":13,"column":8},"end":{"line":13,"column":null}},"3":{"start":{"line":18,"column":0},"end":{"line":18,"column":null}}},"fnMap":{"0":{"name":"(anonymous_0)","decl":{"start":{"line":9,"column":52},"end":{"line":9,"column":53}},"loc":{"start":{"line":9,"column":70},"end":{"line":17,"column":1}},"line":9},"1":{"name":"(anonymous_1)","decl":{"start":{"line":12,"column":20},"end":{"line":12,"column":21}},"loc":{"start":{"line":13,"column":8},"end":{"line":13,"column":null}},"line":13}},"branchMap":{},"s":{"0":3,"1":20,"2":63,"3":3},"f":{"0":20,"1":63},"b":{},"meta":{"lastBranch":0,"lastFunction":2,"lastStatement":4,"seen":{"s:9:13:17:Infinity":0,"f:9:52:9:53":0,"s:10:2:15:Infinity":1,"f:12:20:12:21":1,"s:13:8:13:Infinity":2,"s:18:0:18:Infinity":3}}}
,"E:\\others\\ecom-task\\ecom-task\\src\\components\\product\\toggle-favourite.tsx": {"path":"E:\\others\\ecom-task\\ecom-task\\src\\components\\product\\toggle-favourite.tsx","statementMap":{"0":{"start":{"line":34,"column":31},"end":{"line":78,"column":null}},"1":{"start":{"line":39,"column":8},"end":{"line":41,"column":null}},"2":{"start":{"line":40,"column":4},"end":{"line":40,"column":null}},"3":{"start":{"line":40,"column":45},"end":{"line":40,"column":66}},"4":{"start":{"line":42,"column":8},"end":{"line":42,"column":null}},"5":{"start":{"line":44,"column":31},"end":{"line":48,"column":null}},"6":{"start":{"line":45,"column":4},"end":{"line":45,"column":null}},"7":{"start":{"line":46,"column":4},"end":{"line":46,"column":null}},"8":{"start":{"line":47,"column":4},"end":{"line":47,"column":null}},"9":{"start":{"line":49,"column":2},"end":{"line":61,"column":null}},"10":{"start":{"line":50,"column":4},"end":{"line":60,"column":null}},"11":{"start":{"line":62,"column":2},"end":{"line":76,"column":null}}},"fnMap":{"0":{"name":"(anonymous_0)","decl":{"start":{"line":34,"column":31},"end":{"line":34,"column":32}},"loc":{"start":{"line":38,"column":46},"end":{"line":78,"column":null}},"line":38},"1":{"name":"(anonymous_1)","decl":{"start":{"line":39,"column":36},"end":{"line":39,"column":37}},"loc":{"start":{"line":40,"column":4},"end":{"line":40,"column":null}},"line":40},"2":{"name":"(anonymous_2)","decl":{"start":{"line":40,"column":36},"end":{"line":40,"column":37}},"loc":{"start":{"line":40,"column":45},"end":{"line":40,"column":66}},"line":40},"3":{"name":"(anonymous_3)","decl":{"start":{"line":44,"column":31},"end":{"line":44,"column":32}},"loc":{"start":{"line":44,"column":56},"end":{"line":48,"column":null}},"line":44}},"branchMap":{"0":{"loc":{"start":{"line":49,"column":2},"end":{"line":61,"column":null}},"type":"if","locations":[{"start":{"line":49,"column":2},"end":{"line":61,"column":null}},{"start":{},"end":{}}],"line":49},"1":{"loc":{"start":{"line":73,"column":33},"end":{"line":73,"column":75}},"type":"binary-expr","locations":[{"start":{"line":73,"column":33},"end":{"line":73,"column":47}},{"start":{"line":73,"column":47},"end":{"line":73,"column":75}}],"line":73},"2":{"loc":{"start":{"line":75,"column":13},"end":{"line":75,"column":71}},"type":"cond-expr","locations":[{"start":{"line":75,"column":26},"end":{"line":75,"column":52}},{"start":{"line":75,"column":52},"end":{"line":75,"column":71}}],"line":75}},"s":{"0":5,"1":69,"2":148,"3":12,"4":69,"5":69,"6":2,"7":2,"8":2,"9":69,"10":0,"11":69},"f":{"0":69,"1":148,"2":12,"3":2},"b":{"0":[0,69],"1":[69,5],"2":[5,64]},"meta":{"lastBranch":3,"lastFunction":4,"lastStatement":12,"seen":{"s:34:31:78:Infinity":0,"f:34:31:34:32":0,"s:39:8:41:Infinity":1,"f:39:36:39:37":1,"s:40:4:40:Infinity":2,"f:40:36:40:37":2,"s:40:45:40:66":3,"s:42:8:42:Infinity":4,"s:44:31:48:Infinity":5,"f:44:31:44:32":3,"s:45:4:45:Infinity":6,"s:46:4:46:Infinity":7,"s:47:4:47:Infinity":8,"b:49:2:61:Infinity:undefined:undefined:undefined:undefined":0,"s:49:2:61:Infinity":9,"s:50:4:60:Infinity":10,"s:62:2:76:Infinity":11,"b:73:33:73:47:73:47:73:75":1,"b:75:26:75:52:75:52:75:71":2}}}
,"E:\\others\\ecom-task\\ecom-task\\src\\components\\ui\\button.tsx": {"path":"E:\\others\\ecom-task\\ecom-task\\src\\components\\ui\\button.tsx","statementMap":{"0":{"start":{"line":6,"column":6},"end":{"line":39,"column":null}},"1":{"start":{"line":47,"column":2},"end":{"line":52,"column":null}}},"fnMap":{"0":{"name":"Button","decl":{"start":{"line":41,"column":9},"end":{"line":41,"column":16}},"loc":{"start":{"line":46,"column":64},"end":{"line":54,"column":null}},"line":46}},"branchMap":{"0":{"loc":{"start":{"line":43,"column":2},"end":{"line":43,"column":null}},"type":"default-arg","locations":[{"start":{"line":43,"column":12},"end":{"line":43,"column":null}}],"line":43},"1":{"loc":{"start":{"line":44,"column":2},"end":{"line":44,"column":null}},"type":"default-arg","locations":[{"start":{"line":44,"column":9},"end":{"line":44,"column":null}}],"line":44}},"s":{"0":8,"1":89},"f":{"0":89},"b":{"0":[89],"1":[89]},"meta":{"lastBranch":2,"lastFunction":1,"lastStatement":2,"seen":{"s:6:6:39:Infinity":0,"f:41:9:41:16":0,"b:43:12:43:Infinity":0,"b:44:9:44:Infinity":1,"s:47:2:52:Infinity":1}}}
,"E:\\others\\ecom-task\\ecom-task\\src\\components\\ui\\card.tsx": {"path":"E:\\others\\ecom-task\\ecom-task\\src\\components\\ui\\card.tsx","statementMap":{"0":{"start":{"line":10,"column":2},"end":{"line":19,"column":null}},"1":{"start":{"line":24,"column":2},"end":{"line":32,"column":null}},"2":{"start":{"line":37,"column":2},"end":{"line":45,"column":null}},"3":{"start":{"line":50,"column":2},"end":{"line":55,"column":null}},"4":{"start":{"line":60,"column":2},"end":{"line":68,"column":null}},"5":{"start":{"line":73,"column":2},"end":{"line":78,"column":null}},"6":{"start":{"line":83,"column":2},"end":{"line":91,"column":null}}},"fnMap":{"0":{"name":"Card","decl":{"start":{"line":5,"column":9},"end":{"line":5,"column":14}},"loc":{"start":{"line":9,"column":62},"end":{"line":21,"column":null}},"line":9},"1":{"name":"CardHeader","decl":{"start":{"line":23,"column":9},"end":{"line":23,"column":20}},"loc":{"start":{"line":23,"column":74},"end":{"line":34,"column":null}},"line":23},"2":{"name":"CardTitle","decl":{"start":{"line":36,"column":9},"end":{"line":36,"column":19}},"loc":{"start":{"line":36,"column":73},"end":{"line":47,"column":null}},"line":36},"3":{"name":"CardDescription","decl":{"start":{"line":49,"column":9},"end":{"line":49,"column":25}},"loc":{"start":{"line":49,"column":79},"end":{"line":57,"column":null}},"line":49},"4":{"name":"CardAction","decl":{"start":{"line":59,"column":9},"end":{"line":59,"column":20}},"loc":{"start":{"line":59,"column":74},"end":{"line":70,"column":null}},"line":59},"5":{"name":"CardContent","decl":{"start":{"line":72,"column":9},"end":{"line":72,"column":21}},"loc":{"start":{"line":72,"column":75},"end":{"line":80,"column":null}},"line":72},"6":{"name":"CardFooter","decl":{"start":{"line":82,"column":9},"end":{"line":82,"column":20}},"loc":{"start":{"line":82,"column":74},"end":{"line":93,"column":null}},"line":82}},"branchMap":{"0":{"loc":{"start":{"line":7,"column":2},"end":{"line":7,"column":null}},"type":"default-arg","locations":[{"start":{"line":7,"column":9},"end":{"line":7,"column":null}}],"line":7}},"s":{"0":56,"1":0,"2":0,"3":0,"4":0,"5":56,"6":0},"f":{"0":56,"1":0,"2":0,"3":0,"4":0,"5":56,"6":0},"b":{"0":[56]},"meta":{"lastBranch":1,"lastFunction":7,"lastStatement":7,"seen":{"f:5:9:5:14":0,"b:7:9:7:Infinity":0,"s:10:2:19:Infinity":0,"f:23:9:23:20":1,"s:24:2:32:Infinity":1,"f:36:9:36:19":2,"s:37:2:45:Infinity":2,"f:49:9:49:25":3,"s:50:2:55:Infinity":3,"f:59:9:59:20":4,"s:60:2:68:Infinity":4,"f:72:9:72:21":5,"s:73:2:78:Infinity":5,"f:82:9:82:20":6,"s:83:2:91:Infinity":6}}}
,"E:\\others\\ecom-task\\ecom-task\\src\\components\\ui\\input.tsx": {"path":"E:\\others\\ecom-task\\ecom-task\\src\\components\\ui\\input.tsx","statementMap":{"0":{"start":{"line":7,"column":2},"end":{"line":16,"column":null}}},"fnMap":{"0":{"name":"Input","decl":{"start":{"line":6,"column":9},"end":{"line":6,"column":15}},"loc":{"start":{"line":6,"column":77},"end":{"line":18,"column":null}},"line":6}},"branchMap":{},"s":{"0":7},"f":{"0":7},"b":{},"meta":{"lastBranch":0,"lastFunction":1,"lastStatement":1,"seen":{"f:6:9:6:15":0,"s:7:2:16:Infinity":0}}}
,"E:\\others\\ecom-task\\ecom-task\\src\\components\\ui\\label.tsx": {"path":"E:\\others\\ecom-task\\ecom-task\\src\\components\\ui\\label.tsx","statementMap":{"0":{"start":{"line":8,"column":2},"end":{"line":16,"column":null}}},"fnMap":{"0":{"name":"Label","decl":{"start":{"line":7,"column":9},"end":{"line":7,"column":15}},"loc":{"start":{"line":7,"column":71},"end":{"line":18,"column":null}},"line":7}},"branchMap":{},"s":{"0":7},"f":{"0":7},"b":{},"meta":{"lastBranch":0,"lastFunction":1,"lastStatement":1,"seen":{"f:7:9:7:15":0,"s:8:2:16:Infinity":0}}}
,"E:\\others\\ecom-task\\ecom-task\\src\\components\\ui\\select.tsx": {"path":"E:\\others\\ecom-task\\ecom-task\\src\\components\\ui\\select.tsx","statementMap":{"0":{"start":{"line":14,"column":15},"end":{"line":14,"column":null}},"1":{"start":{"line":17,"column":2},"end":{"line":22,"column":null}},"2":{"start":{"line":27,"column":2},"end":{"line":32,"column":null}},"3":{"start":{"line":44,"column":2},"end":{"line":64,"column":null}},"4":{"start":{"line":82,"column":2},"end":{"line":105,"column":null}},"5":{"start":{"line":113,"column":2},"end":{"line":118,"column":null}},"6":{"start":{"line":127,"column":2},"end":{"line":150,"column":null}},"7":{"start":{"line":158,"column":2},"end":{"line":163,"column":null}},"8":{"start":{"line":171,"column":2},"end":{"line":181,"column":null}},"9":{"start":{"line":189,"column":2},"end":{"line":199,"column":null}}},"fnMap":{"0":{"name":"SelectGroup","decl":{"start":{"line":16,"column":9},"end":{"line":16,"column":21}},"loc":{"start":{"line":16,"column":75},"end":{"line":24,"column":null}},"line":16},"1":{"name":"SelectValue","decl":{"start":{"line":26,"column":9},"end":{"line":26,"column":21}},"loc":{"start":{"line":26,"column":75},"end":{"line":34,"column":null}},"line":26},"2":{"name":"SelectTrigger","decl":{"start":{"line":36,"column":9},"end":{"line":36,"column":23}},"loc":{"start":{"line":43,"column":3},"end":{"line":66,"column":null}},"line":43},"3":{"name":"SelectContent","decl":{"start":{"line":68,"column":9},"end":{"line":68,"column":23}},"loc":{"start":{"line":81,"column":5},"end":{"line":107,"column":null}},"line":81},"4":{"name":"SelectLabel","decl":{"start":{"line":109,"column":9},"end":{"line":109,"column":21}},"loc":{"start":{"line":112,"column":37},"end":{"line":120,"column":null}},"line":112},"5":{"name":"SelectItem","decl":{"start":{"line":122,"column":9},"end":{"line":122,"column":20}},"loc":{"start":{"line":126,"column":31},"end":{"line":152,"column":null}},"line":126},"6":{"name":"SelectSeparator","decl":{"start":{"line":154,"column":9},"end":{"line":154,"column":25}},"loc":{"start":{"line":157,"column":36},"end":{"line":165,"column":null}},"line":157},"7":{"name":"SelectScrollUpButton","decl":{"start":{"line":167,"column":9},"end":{"line":167,"column":30}},"loc":{"start":{"line":170,"column":63},"end":{"line":183,"column":null}},"line":170},"8":{"name":"SelectScrollDownButton","decl":{"start":{"line":185,"column":9},"end":{"line":185,"column":32}},"loc":{"start":{"line":188,"column":65},"end":{"line":201,"column":null}},"line":188}},"branchMap":{"0":{"loc":{"start":{"line":38,"column":2},"end":{"line":38,"column":null}},"type":"default-arg","locations":[{"start":{"line":38,"column":9},"end":{"line":38,"column":null}}],"line":38},"1":{"loc":{"start":{"line":71,"column":2},"end":{"line":71,"column":null}},"type":"default-arg","locations":[{"start":{"line":71,"column":9},"end":{"line":71,"column":null}}],"line":71},"2":{"loc":{"start":{"line":72,"column":2},"end":{"line":72,"column":null}},"type":"default-arg","locations":[{"start":{"line":72,"column":15},"end":{"line":72,"column":null}}],"line":72},"3":{"loc":{"start":{"line":73,"column":2},"end":{"line":73,"column":null}},"type":"default-arg","locations":[{"start":{"line":73,"column":10},"end":{"line":73,"column":null}}],"line":73},"4":{"loc":{"start":{"line":74,"column":2},"end":{"line":74,"column":null}},"type":"default-arg","locations":[{"start":{"line":74,"column":16},"end":{"line":74,"column":null}}],"line":74},"5":{"loc":{"start":{"line":75,"column":2},"end":{"line":75,"column":null}},"type":"default-arg","locations":[{"start":{"line":75,"column":25},"end":{"line":75,"column":null}}],"line":75}},"s":{"0":1,"1":0,"2":17,"3":17,"4":17,"5":0,"6":3,"7":0,"8":2,"9":2},"f":{"0":0,"1":17,"2":17,"3":17,"4":0,"5":3,"6":0,"7":2,"8":2},"b":{"0":[17],"1":[17],"2":[17],"3":[17],"4":[17],"5":[17]},"meta":{"lastBranch":6,"lastFunction":9,"lastStatement":10,"seen":{"s:14:15:14:Infinity":0,"f:16:9:16:21":0,"s:17:2:22:Infinity":1,"f:26:9:26:21":1,"s:27:2:32:Infinity":2,"f:36:9:36:23":2,"b:38:9:38:Infinity":0,"s:44:2:64:Infinity":3,"f:68:9:68:23":3,"b:71:9:71:Infinity":1,"b:72:15:72:Infinity":2,"b:73:10:73:Infinity":3,"b:74:16:74:Infinity":4,"b:75:25:75:Infinity":5,"s:82:2:105:Infinity":4,"f:109:9:109:21":4,"s:113:2:118:Infinity":5,"f:122:9:122:20":5,"s:127:2:150:Infinity":6,"f:154:9:154:25":6,"s:158:2:163:Infinity":7,"f:167:9:167:30":7,"s:171:2:181:Infinity":8,"f:185:9:185:32":8,"s:189:2:199:Infinity":9}}}
,"E:\\others\\ecom-task\\ecom-task\\src\\components\\ui\\tabs.tsx": {"path":"E:\\others\\ecom-task\\ecom-task\\src\\components\\ui\\tabs.tsx","statementMap":{"0":{"start":{"line":13,"column":2},"end":{"line":22,"column":null}},"1":{"start":{"line":26,"column":6},"end":{"line":39,"column":null}},"2":{"start":{"line":46,"column":2},"end":{"line":52,"column":null}},"3":{"start":{"line":57,"column":2},"end":{"line":68,"column":null}},"4":{"start":{"line":73,"column":2},"end":{"line":78,"column":null}}},"fnMap":{"0":{"name":"Tabs","decl":{"start":{"line":8,"column":9},"end":{"line":8,"column":14}},"loc":{"start":{"line":12,"column":29},"end":{"line":24,"column":null}},"line":12},"1":{"name":"TabsList","decl":{"start":{"line":41,"column":9},"end":{"line":41,"column":18}},"loc":{"start":{"line":45,"column":69},"end":{"line":54,"column":null}},"line":45},"2":{"name":"TabsTrigger","decl":{"start":{"line":56,"column":9},"end":{"line":56,"column":21}},"loc":{"start":{"line":56,"column":71},"end":{"line":70,"column":null}},"line":56},"3":{"name":"TabsContent","decl":{"start":{"line":72,"column":9},"end":{"line":72,"column":21}},"loc":{"start":{"line":72,"column":73},"end":{"line":80,"column":null}},"line":72}},"branchMap":{"0":{"loc":{"start":{"line":10,"column":2},"end":{"line":10,"column":null}},"type":"default-arg","locations":[{"start":{"line":10,"column":16},"end":{"line":10,"column":null}}],"line":10},"1":{"loc":{"start":{"line":43,"column":2},"end":{"line":43,"column":null}},"type":"default-arg","locations":[{"start":{"line":43,"column":12},"end":{"line":43,"column":null}}],"line":43}},"s":{"0":17,"1":1,"2":17,"3":68,"4":0},"f":{"0":17,"1":17,"2":68,"3":0},"b":{"0":[17],"1":[17]},"meta":{"lastBranch":2,"lastFunction":4,"lastStatement":5,"seen":{"f:8:9:8:14":0,"b:10:16:10:Infinity":0,"s:13:2:22:Infinity":0,"s:26:6:39:Infinity":1,"f:41:9:41:18":1,"b:43:12:43:Infinity":1,"s:46:2:52:Infinity":2,"f:56:9:56:21":2,"s:57:2:68:Infinity":3,"f:72:9:72:21":3,"s:73:2:78:Infinity":4}}}
,"E:\\others\\ecom-task\\ecom-task\\src\\hooks\\use-debounce.tsx": {"path":"E:\\others\\ecom-task\\ecom-task\\src\\hooks\\use-debounce.tsx","statementMap":{"0":{"start":{"line":3,"column":27},"end":{"line":20,"column":null}},"1":{"start":{"line":9,"column":8},"end":{"line":9,"column":null}},"2":{"start":{"line":11,"column":2},"end":{"line":19,"column":null}},"3":{"start":{"line":13,"column":6},"end":{"line":15,"column":null}},"4":{"start":{"line":14,"column":8},"end":{"line":14,"column":null}},"5":{"start":{"line":16,"column":6},"end":{"line":16,"column":null}}},"fnMap":{"0":{"name":"(anonymous_0)","decl":{"start":{"line":3,"column":27},"end":{"line":3,"column":null}},"loc":{"start":{"line":8,"column":5},"end":{"line":20,"column":null}},"line":8},"1":{"name":"(anonymous_1)","decl":{"start":{"line":12,"column":4},"end":{"line":12,"column":8}},"loc":{"start":{"line":12,"column":32},"end":{"line":17,"column":null}},"line":12}},"branchMap":{"0":{"loc":{"start":{"line":13,"column":6},"end":{"line":15,"column":null}},"type":"if","locations":[{"start":{"line":13,"column":6},"end":{"line":15,"column":null}},{"start":{},"end":{}}],"line":13}},"s":{"0":2,"1":9,"2":9,"3":1,"4":0,"5":1},"f":{"0":9,"1":1},"b":{"0":[0,1]},"meta":{"lastBranch":1,"lastFunction":2,"lastStatement":6,"seen":{"s:3:27:20:Infinity":0,"f:3:27:3:Infinity":0,"s:9:8:9:Infinity":1,"s:11:2:19:Infinity":2,"f:12:4:12:8":1,"b:13:6:15:Infinity:undefined:undefined:undefined:undefined":0,"s:13:6:15:Infinity":3,"s:14:8:14:Infinity":4,"s:16:6:16:Infinity":5}}}
,"E:\\others\\ecom-task\\ecom-task\\src\\integrations\\store\\index.tsx": {"path":"E:\\others\\ecom-task\\ecom-task\\src\\integrations\\store\\index.tsx","statementMap":{"0":{"start":{"line":6,"column":6},"end":{"line":9,"column":null}},"1":{"start":{"line":11,"column":13},"end":{"line":15,"column":null}},"2":{"start":{"line":13,"column":40},"end":{"line":13,"column":null}},"3":{"start":{"line":17,"column":0},"end":{"line":17,"column":null}}},"fnMap":{"0":{"name":"(anonymous_0)","decl":{"start":{"line":13,"column":14},"end":{"line":13,"column":15}},"loc":{"start":{"line":13,"column":40},"end":{"line":13,"column":null}},"line":13}},"branchMap":{},"s":{"0":2,"1":2,"2":2,"3":2},"f":{"0":2},"b":{},"meta":{"lastBranch":0,"lastFunction":1,"lastStatement":4,"seen":{"s:6:6:9:Infinity":0,"s:11:13:15:Infinity":1,"f:13:14:13:15":0,"s:13:40:13:Infinity":2,"s:17:0:17:Infinity":3}}}
,"E:\\others\\ecom-task\\ecom-task\\src\\integrations\\store\\provider.tsx": {"path":"E:\\others\\ecom-task\\ecom-task\\src\\integrations\\store\\provider.tsx","statementMap":{"0":{"start":{"line":6,"column":8},"end":{"line":6,"column":null}},"1":{"start":{"line":7,"column":2},"end":{"line":9,"column":null}},"2":{"start":{"line":8,"column":4},"end":{"line":8,"column":null}},"3":{"start":{"line":11,"column":2},"end":{"line":11,"column":null}}},"fnMap":{"0":{"name":"StoreProvider","decl":{"start":{"line":5,"column":24},"end":{"line":5,"column":38}},"loc":{"start":{"line":5,"column":77},"end":{"line":12,"column":null}},"line":5}},"branchMap":{"0":{"loc":{"start":{"line":7,"column":2},"end":{"line":9,"column":null}},"type":"if","locations":[{"start":{"line":7,"column":2},"end":{"line":9,"column":null}},{"start":{},"end":{}}],"line":7}},"s":{"0":0,"1":0,"2":0,"3":0},"f":{"0":0},"b":{"0":[0,0]},"meta":{"lastBranch":1,"lastFunction":1,"lastStatement":4,"seen":{"f:5:24:5:38":0,"s:6:8:6:Infinity":0,"b:7:2:9:Infinity:undefined:undefined:undefined:undefined":0,"s:7:2:9:Infinity":1,"s:8:4:8:Infinity":2,"s:11:2:11:Infinity":3}}}
,"E:\\others\\ecom-task\\ecom-task\\src\\integrations\\store\\features\\favorites.slice.ts": {"path":"E:\\others\\ecom-task\\ecom-task\\src\\integrations\\store\\features\\favorites.slice.ts","statementMap":{"0":{"start":{"line":13,"column":46},"end":{"line":15,"column":null}},"1":{"start":{"line":17,"column":6},"end":{"line":35,"column":null}},"2":{"start":{"line":22,"column":22},"end":{"line":24,"column":null}},"3":{"start":{"line":23,"column":21},"end":{"line":23,"column":null}},"4":{"start":{"line":25,"column":6},"end":{"line":31,"column":null}},"5":{"start":{"line":26,"column":8},"end":{"line":28,"column":null}},"6":{"start":{"line":27,"column":19},"end":{"line":27,"column":null}},"7":{"start":{"line":30,"column":8},"end":{"line":30,"column":null}},"8":{"start":{"line":33,"column":27},"end":{"line":33,"column":null}},"9":{"start":{"line":37,"column":52},"end":{"line":37,"column":null}},"10":{"start":{"line":40,"column":30},"end":{"line":40,"column":null}},"11":{"start":{"line":40,"column":53},"end":{"line":40,"column":null}},"12":{"start":{"line":42,"column":13},"end":{"line":46,"column":null}},"13":{"start":{"line":44,"column":13},"end":{"line":45,"column":null}},"14":{"start":{"line":45,"column":4},"end":{"line":45,"column":null}},"15":{"start":{"line":45,"column":35},"end":{"line":45,"column":55}}},"fnMap":{"0":{"name":"(anonymous_0)","decl":{"start":{"line":21,"column":21},"end":{"line":21,"column":22}},"loc":{"start":{"line":21,"column":73},"end":{"line":32,"column":null}},"line":21},"1":{"name":"(anonymous_1)","decl":{"start":{"line":23,"column":8},"end":{"line":23,"column":9}},"loc":{"start":{"line":23,"column":21},"end":{"line":23,"column":null}},"line":23},"2":{"name":"(anonymous_2)","decl":{"start":{"line":27,"column":10},"end":{"line":27,"column":11}},"loc":{"start":{"line":27,"column":19},"end":{"line":27,"column":null}},"line":27},"3":{"name":"(anonymous_3)","decl":{"start":{"line":33,"column":21},"end":{"line":33,"column":27}},"loc":{"start":{"line":33,"column":27},"end":{"line":33,"column":null}},"line":33},"4":{"name":"(anonymous_4)","decl":{"start":{"line":40,"column":30},"end":{"line":40,"column":31}},"loc":{"start":{"line":40,"column":53},"end":{"line":40,"column":null}},"line":40},"5":{"name":"(anonymous_5)","decl":{"start":{"line":44,"column":2},"end":{"line":44,"column":3}},"loc":{"start":{"line":44,"column":13},"end":{"line":45,"column":null}},"line":44},"6":{"name":"(anonymous_6)","decl":{"start":{"line":44,"column":13},"end":{"line":44,"column":14}},"loc":{"start":{"line":45,"column":4},"end":{"line":45,"column":null}},"line":45},"7":{"name":"(anonymous_7)","decl":{"start":{"line":45,"column":26},"end":{"line":45,"column":27}},"loc":{"start":{"line":45,"column":35},"end":{"line":45,"column":55}},"line":45}},"branchMap":{"0":{"loc":{"start":{"line":25,"column":6},"end":{"line":31,"column":null}},"type":"if","locations":[{"start":{"line":25,"column":6},"end":{"line":31,"column":null}},{"start":{"line":29,"column":13},"end":{"line":31,"column":null}}],"line":25}},"s":{"0":9,"1":9,"2":15,"3":11,"4":15,"5":6,"6":8,"7":9,"8":3,"9":9,"10":9,"11":11,"12":9,"13":4,"14":8,"15":10},"f":{"0":15,"1":11,"2":8,"3":3,"4":11,"5":4,"6":8,"7":10},"b":{"0":[6,9]},"meta":{"lastBranch":1,"lastFunction":8,"lastStatement":16,"seen":{"s:13:46:15:Infinity":0,"s:17:6:35:Infinity":1,"f:21:21:21:22":0,"s:22:22:24:Infinity":2,"f:23:8:23:9":1,"s:23:21:23:Infinity":3,"b:25:6:31:Infinity:29:13:31:Infinity":0,"s:25:6:31:Infinity":4,"s:26:8:28:Infinity":5,"f:27:10:27:11":2,"s:27:19:27:Infinity":6,"s:30:8:30:Infinity":7,"f:33:21:33:27":3,"s:33:27:33:Infinity":8,"s:37:52:37:Infinity":9,"s:40:30:40:Infinity":10,"f:40:30:40:31":4,"s:40:53:40:Infinity":11,"s:42:13:46:Infinity":12,"f:44:2:44:3":5,"s:44:13:45:Infinity":13,"f:44:13:44:14":6,"s:45:4:45:Infinity":14,"f:45:26:45:27":7,"s:45:35:45:55":15}}}
,"E:\\others\\ecom-task\\ecom-task\\src\\integrations\\store\\features\\filters.slice.ts": {"path":"E:\\others\\ecom-task\\ecom-task\\src\\integrations\\store\\features\\filters.slice.ts","statementMap":{"0":{"start":{"line":9,"column":48},"end":{"line":13,"column":null}},"1":{"start":{"line":15,"column":13},"end":{"line":43,"column":null}},"2":{"start":{"line":20,"column":6},"end":{"line":20,"column":null}},"3":{"start":{"line":26,"column":6},"end":{"line":26,"column":null}},"4":{"start":{"line":29,"column":6},"end":{"line":29,"column":null}},"5":{"start":{"line":35,"column":24},"end":{"line":35,"column":null}},"6":{"start":{"line":36,"column":6},"end":{"line":39,"column":null}},"7":{"start":{"line":38,"column":8},"end":{"line":38,"column":null}},"8":{"start":{"line":41,"column":24},"end":{"line":41,"column":null}},"9":{"start":{"line":51,"column":4},"end":{"line":51,"column":null}}},"fnMap":{"0":{"name":"(anonymous_0)","decl":{"start":{"line":19,"column":22},"end":{"line":19,"column":23}},"loc":{"start":{"line":19,"column":64},"end":{"line":21,"column":null}},"line":19},"1":{"name":"(anonymous_1)","decl":{"start":{"line":22,"column":12},"end":{"line":22,"column":null}},"loc":{"start":{"line":25,"column":9},"end":{"line":27,"column":null}},"line":25},"2":{"name":"(anonymous_2)","decl":{"start":{"line":28,"column":19},"end":{"line":28,"column":20}},"loc":{"start":{"line":28,"column":61},"end":{"line":30,"column":null}},"line":28},"3":{"name":"(anonymous_3)","decl":{"start":{"line":31,"column":22},"end":{"line":31,"column":null}},"loc":{"start":{"line":34,"column":9},"end":{"line":40,"column":null}},"line":34},"4":{"name":"(anonymous_4)","decl":{"start":{"line":41,"column":18},"end":{"line":41,"column":24}},"loc":{"start":{"line":41,"column":24},"end":{"line":41,"column":null}},"line":41}},"branchMap":{},"s":{"0":9,"1":9,"2":4,"3":5,"4":5,"5":5,"6":5,"7":8,"8":3,"9":9},"f":{"0":4,"1":5,"2":5,"3":5,"4":3},"b":{},"meta":{"lastBranch":0,"lastFunction":5,"lastStatement":10,"seen":{"s:9:48:13:Infinity":0,"s:15:13:43:Infinity":1,"f:19:22:19:23":0,"s:20:6:20:Infinity":2,"f:22:12:22:Infinity":1,"s:26:6:26:Infinity":3,"f:28:19:28:20":2,"s:29:6:29:Infinity":4,"f:31:22:31:Infinity":3,"s:35:24:35:Infinity":5,"s:36:6:39:Infinity":6,"s:38:8:38:Infinity":7,"f:41:18:41:24":4,"s:41:24:41:Infinity":8,"s:51:4:51:Infinity":9}}}
,"E:\\others\\ecom-task\\ecom-task\\src\\integrations\\store\\hooks\\index.tsx": {"path":"E:\\others\\ecom-task\\ecom-task\\src\\integrations\\store\\hooks\\index.tsx","statementMap":{"0":{"start":{"line":4,"column":30},"end":{"line":4,"column":null}},"1":{"start":{"line":5,"column":30},"end":{"line":5,"column":null}},"2":{"start":{"line":6,"column":27},"end":{"line":6,"column":null}}},"fnMap":{},"branchMap":{},"s":{"0":8,"1":8,"2":8},"f":{},"b":{},"meta":{"lastBranch":0,"lastFunction":0,"lastStatement":3,"seen":{"s:4:30:4:Infinity":0,"s:5:30:5:Infinity":1,"s:6:27:6:Infinity":2}}}
,"E:\\others\\ecom-task\\ecom-task\\src\\integrations\\tanstack-query\\base-query.ts": {"path":"E:\\others\\ecom-task\\ecom-task\\src\\integrations\\tanstack-query\\base-query.ts","statementMap":{"0":{"start":{"line":3,"column":26},"end":{"line":3,"column":null}},"1":{"start":{"line":5,"column":19},"end":{"line":5,"column":null}}},"fnMap":{},"branchMap":{},"s":{"0":12,"1":12},"f":{},"b":{},"meta":{"lastBranch":0,"lastFunction":0,"lastStatement":2,"seen":{"s:3:26:3:Infinity":0,"s:5:19:5:Infinity":1}}}
,"E:\\others\\ecom-task\\ecom-task\\src\\integrations\\tanstack-query\\root-provider.tsx": {"path":"E:\\others\\ecom-task\\ecom-task\\src\\integrations\\tanstack-query\\root-provider.tsx","statementMap":{"0":{"start":{"line":6,"column":22},"end":{"line":6,"column":null}},"1":{"start":{"line":7,"column":2},"end":{"line":9,"column":null}},"2":{"start":{"line":19,"column":2},"end":{"line":22,"column":null}}},"fnMap":{"0":{"name":"getContext","decl":{"start":{"line":5,"column":16},"end":{"line":5,"column":29}},"loc":{"start":{"line":5,"column":29},"end":{"line":10,"column":null}},"line":5},"1":{"name":"Provider","decl":{"start":{"line":12,"column":16},"end":{"line":12,"column":25}},"loc":{"start":{"line":18,"column":3},"end":{"line":24,"column":null}},"line":18}},"branchMap":{},"s":{"0":2,"1":2,"2":0},"f":{"0":2,"1":0},"b":{},"meta":{"lastBranch":0,"lastFunction":2,"lastStatement":3,"seen":{"f:5:16:5:29":0,"s:6:22:6:Infinity":0,"s:7:2:9:Infinity":1,"f:12:16:12:25":1,"s:19:2:22:Infinity":2}}}
,"E:\\others\\ecom-task\\ecom-task\\src\\integrations\\tanstack-query\\hooks\\use-get-all-products.tsx": {"path":"E:\\others\\ecom-task\\ecom-task\\src\\integrations\\tanstack-query\\hooks\\use-get-all-products.tsx","statementMap":{"0":{"start":{"line":4,"column":33},"end":{"line":6,"column":null}},"1":{"start":{"line":5,"column":2},"end":{"line":5,"column":null}},"2":{"start":{"line":8,"column":41},"end":{"line":10,"column":null}},"3":{"start":{"line":9,"column":2},"end":{"line":9,"column":null}}},"fnMap":{"0":{"name":"(anonymous_0)","decl":{"start":{"line":4,"column":33},"end":{"line":4,"column":39}},"loc":{"start":{"line":4,"column":39},"end":{"line":6,"column":null}},"line":4},"1":{"name":"(anonymous_1)","decl":{"start":{"line":8,"column":41},"end":{"line":8,"column":47}},"loc":{"start":{"line":8,"column":47},"end":{"line":10,"column":null}},"line":8}},"branchMap":{},"s":{"0":2,"1":2,"2":2,"3":34},"f":{"0":2,"1":34},"b":{},"meta":{"lastBranch":0,"lastFunction":2,"lastStatement":4,"seen":{"s:4:33:6:Infinity":0,"f:4:33:4:39":0,"s:5:2:5:Infinity":1,"s:8:41:10:Infinity":2,"f:8:41:8:47":1,"s:9:2:9:Infinity":3}}}
,"E:\\others\\ecom-task\\ecom-task\\src\\integrations\\tanstack-query\\hooks\\use-get-product-by-id.tsx": {"path":"E:\\others\\ecom-task\\ecom-task\\src\\integrations\\tanstack-query\\hooks\\use-get-product-by-id.tsx","statementMap":{"0":{"start":{"line":5,"column":33},"end":{"line":9,"column":null}},"1":{"start":{"line":6,"column":8},"end":{"line":6,"column":null}},"2":{"start":{"line":6,"column":26},"end":{"line":6,"column":64}},"3":{"start":{"line":8,"column":2},"end":{"line":8,"column":null}},"4":{"start":{"line":10,"column":41},"end":{"line":13,"column":null}},"5":{"start":{"line":11,"column":8},"end":{"line":11,"column":null}},"6":{"start":{"line":11,"column":26},"end":{"line":11,"column":64}},"7":{"start":{"line":12,"column":2},"end":{"line":12,"column":null}}},"fnMap":{"0":{"name":"(anonymous_0)","decl":{"start":{"line":5,"column":33},"end":{"line":5,"column":34}},"loc":{"start":{"line":5,"column":59},"end":{"line":9,"column":null}},"line":5},"1":{"name":"(anonymous_1)","decl":{"start":{"line":6,"column":26},"end":{"line":6,"column":32}},"loc":{"start":{"line":6,"column":26},"end":{"line":6,"column":64}},"line":6},"2":{"name":"(anonymous_2)","decl":{"start":{"line":10,"column":41},"end":{"line":10,"column":42}},"loc":{"start":{"line":10,"column":67},"end":{"line":13,"column":null}},"line":10},"3":{"name":"(anonymous_3)","decl":{"start":{"line":11,"column":26},"end":{"line":11,"column":32}},"loc":{"start":{"line":11,"column":26},"end":{"line":11,"column":64}},"line":11}},"branchMap":{},"s":{"0":2,"1":2,"2":1,"3":2,"4":2,"5":14,"6":14,"7":14},"f":{"0":2,"1":1,"2":14,"3":14},"b":{},"meta":{"lastBranch":0,"lastFunction":4,"lastStatement":8,"seen":{"s:5:33:9:Infinity":0,"f:5:33:5:34":0,"s:6:8:6:Infinity":1,"f:6:26:6:32":1,"s:6:26:6:64":2,"s:8:2:8:Infinity":3,"s:10:41:13:Infinity":4,"f:10:41:10:42":2,"s:11:8:11:Infinity":5,"f:11:26:11:32":3,"s:11:26:11:64":6,"s:12:2:12:Infinity":7}}}
,"E:\\others\\ecom-task\\ecom-task\\src\\integrations\\tanstack-query\\options\\production.options.ts": {"path":"E:\\others\\ecom-task\\ecom-task\\src\\integrations\\tanstack-query\\options\\production.options.ts","statementMap":{"0":{"start":{"line":5,"column":39},"end":{"line":8,"column":null}},"1":{"start":{"line":7,"column":17},"end":{"line":7,"column":null}},"2":{"start":{"line":10,"column":42},"end":{"line":14,"column":null}},"3":{"start":{"line":10,"column":69},"end":{"line":14,"column":null}},"4":{"start":{"line":12,"column":23},"end":{"line":12,"column":null}}},"fnMap":{"0":{"name":"(anonymous_0)","decl":{"start":{"line":7,"column":11},"end":{"line":7,"column":17}},"loc":{"start":{"line":7,"column":17},"end":{"line":7,"column":null}},"line":7},"1":{"name":"(anonymous_1)","decl":{"start":{"line":10,"column":42},"end":{"line":10,"column":43}},"loc":{"start":{"line":10,"column":69},"end":{"line":14,"column":null}},"line":10},"2":{"name":"(anonymous_2)","decl":{"start":{"line":12,"column":11},"end":{"line":12,"column":23}},"loc":{"start":{"line":12,"column":23},"end":{"line":12,"column":null}},"line":12}},"branchMap":{},"s":{"0":3,"1":17,"2":3,"3":15,"4":8},"f":{"0":17,"1":15,"2":8},"b":{},"meta":{"lastBranch":0,"lastFunction":3,"lastStatement":5,"seen":{"s:5:39:8:Infinity":0,"f:7:11:7:17":0,"s:7:17:7:Infinity":1,"s:10:42:14:Infinity":2,"f:10:42:10:43":1,"s:10:69:14:Infinity":3,"f:12:11:12:23":2,"s:12:23:12:Infinity":4}}}
,"E:\\others\\ecom-task\\ecom-task\\src\\lib\\utils.ts": {"path":"E:\\others\\ecom-task\\ecom-task\\src\\lib\\utils.ts","statementMap":{"0":{"start":{"line":5,"column":2},"end":{"line":5,"column":null}},"1":{"start":{"line":9,"column":24},"end":{"line":19,"column":null}},"2":{"start":{"line":13,"column":61},"end":{"line":13,"column":null}},"3":{"start":{"line":15,"column":2},"end":{"line":18,"column":null}},"4":{"start":{"line":16,"column":4},"end":{"line":16,"column":null}},"5":{"start":{"line":16,"column":15},"end":{"line":16,"column":null}},"6":{"start":{"line":17,"column":4},"end":{"line":17,"column":null}}},"fnMap":{"0":{"name":"cn","decl":{"start":{"line":4,"column":16},"end":{"line":4,"column":22}},"loc":{"start":{"line":4,"column":44},"end":{"line":6,"column":null}},"line":4},"1":{"name":"(anonymous_1)","decl":{"start":{"line":9,"column":24},"end":{"line":9,"column":null}},"loc":{"start":{"line":12,"column":5},"end":{"line":19,"column":null}},"line":12},"2":{"name":"(anonymous_2)","decl":{"start":{"line":15,"column":9},"end":{"line":15,"column":13}},"loc":{"start":{"line":15,"column":37},"end":{"line":18,"column":null}},"line":15}},"branchMap":{"0":{"loc":{"start":{"line":16,"column":4},"end":{"line":16,"column":null}},"type":"if","locations":[{"start":{"line":16,"column":4},"end":{"line":16,"column":null}},{"start":{},"end":{}}],"line":16}},"s":{"0":519,"1":9,"2":1,"3":1,"4":3,"5":2,"6":3},"f":{"0":519,"1":1,"2":3},"b":{"0":[2,1]},"meta":{"lastBranch":1,"lastFunction":3,"lastStatement":7,"seen":{"f:4:16:4:22":0,"s:5:2:5:Infinity":0,"s:9:24:19:Infinity":1,"f:9:24:9:Infinity":1,"s:13:61:13:Infinity":2,"s:15:2:18:Infinity":3,"f:15:9:15:13":2,"b:16:4:16:Infinity:undefined:undefined:undefined:undefined":0,"s:16:4:16:Infinity":4,"s:16:15:16:Infinity":5,"s:17:4:17:Infinity":6}}}
,"E:\\others\\ecom-task\\ecom-task\\src\\routes\\index.tsx": {"path":"E:\\others\\ecom-task\\ecom-task\\src\\routes\\index.tsx","statementMap":{"0":{"start":{"line":13,"column":6},"end":{"line":13,"column":null}},"1":{"start":{"line":15,"column":13},"end":{"line":19,"column":null}},"2":{"start":{"line":16,"column":16},"end":{"line":16,"column":null}},"3":{"start":{"line":23,"column":15},"end":{"line":23,"column":null}},"4":{"start":{"line":25,"column":8},"end":{"line":25,"column":null}},"5":{"start":{"line":25,"column":51},"end":{"line":25,"column":67}},"6":{"start":{"line":26,"column":8},"end":{"line":26,"column":null}},"7":{"start":{"line":26,"column":49},"end":{"line":26,"column":61}},"8":{"start":{"line":27,"column":8},"end":{"line":27,"column":null}},"9":{"start":{"line":27,"column":49},"end":{"line":27,"column":63}},"10":{"start":{"line":29,"column":8},"end":{"line":29,"column":null}},"11":{"start":{"line":30,"column":19},"end":{"line":30,"column":null}},"12":{"start":{"line":32,"column":8},"end":{"line":35,"column":null}},"13":{"start":{"line":33,"column":10},"end":{"line":33,"column":null}},"14":{"start":{"line":37,"column":8},"end":{"line":59,"column":null}},"15":{"start":{"line":39,"column":6},"end":{"line":57,"column":null}},"16":{"start":{"line":42,"column":12},"end":{"line":43,"column":null}},"17":{"start":{"line":47,"column":12},"end":{"line":53,"column":null}},"18":{"start":{"line":56,"column":10},"end":{"line":56,"column":null}},"19":{"start":{"line":60,"column":23},"end":{"line":60,"column":null}},"20":{"start":{"line":62,"column":2},"end":{"line":88,"column":null}}},"fnMap":{"0":{"name":"(anonymous_0)","decl":{"start":{"line":16,"column":10},"end":{"line":16,"column":16}},"loc":{"start":{"line":16,"column":16},"end":{"line":16,"column":null}},"line":16},"1":{"name":"HomePage","decl":{"start":{"line":22,"column":16},"end":{"line":22,"column":27}},"loc":{"start":{"line":22,"column":27},"end":{"line":90,"column":null}},"line":22},"2":{"name":"(anonymous_2)","decl":{"start":{"line":25,"column":34},"end":{"line":25,"column":35}},"loc":{"start":{"line":25,"column":51},"end":{"line":25,"column":67}},"line":25},"3":{"name":"(anonymous_3)","decl":{"start":{"line":26,"column":32},"end":{"line":26,"column":33}},"loc":{"start":{"line":26,"column":49},"end":{"line":26,"column":61}},"line":26},"4":{"name":"(anonymous_4)","decl":{"start":{"line":27,"column":32},"end":{"line":27,"column":33}},"loc":{"start":{"line":27,"column":49},"end":{"line":27,"column":63}},"line":27},"5":{"name":"(anonymous_5)","decl":{"start":{"line":33,"column":4},"end":{"line":33,"column":10}},"loc":{"start":{"line":33,"column":10},"end":{"line":33,"column":null}},"line":33},"6":{"name":"(anonymous_6)","decl":{"start":{"line":38,"column":4},"end":{"line":38,"column":null}},"loc":{"start":{"line":39,"column":6},"end":{"line":57,"column":null}},"line":39},"7":{"name":"(anonymous_7)","decl":{"start":{"line":41,"column":10},"end":{"line":41,"column":11}},"loc":{"start":{"line":42,"column":12},"end":{"line":43,"column":null}},"line":42},"8":{"name":"(anonymous_8)","decl":{"start":{"line":46,"column":10},"end":{"line":46,"column":11}},"loc":{"start":{"line":47,"column":12},"end":{"line":53,"column":null}},"line":47},"9":{"name":"(anonymous_9)","decl":{"start":{"line":55,"column":14},"end":{"line":55,"column":15}},"loc":{"start":{"line":56,"column":10},"end":{"line":56,"column":null}},"line":56}},"branchMap":{"0":{"loc":{"start":{"line":33,"column":10},"end":{"line":33,"column":null}},"type":"binary-expr","locations":[{"start":{"line":33,"column":10},"end":{"line":33,"column":32}},{"start":{"line":33,"column":32},"end":{"line":33,"column":57}},{"start":{"line":33,"column":57},"end":{"line":33,"column":null}}],"line":33},"1":{"loc":{"start":{"line":42,"column":12},"end":{"line":43,"column":null}},"type":"binary-expr","locations":[{"start":{"line":42,"column":12},"end":{"line":42,"column":null}},{"start":{"line":43,"column":12},"end":{"line":43,"column":null}}],"line":42},"2":{"loc":{"start":{"line":47,"column":12},"end":{"line":53,"column":null}},"type":"binary-expr","locations":[{"start":{"line":47,"column":12},"end":{"line":47,"column":null}},{"start":{"line":48,"column":12},"end":{"line":50,"column":null}},{"start":{"line":51,"column":12},"end":{"line":53,"column":null}}],"line":47},"3":{"loc":{"start":{"line":56,"column":10},"end":{"line":56,"column":null}},"type":"cond-expr","locations":[{"start":{"line":56,"column":35},"end":{"line":56,"column":55}},{"start":{"line":56,"column":55},"end":{"line":56,"column":null}}],"line":56},"4":{"loc":{"start":{"line":78,"column":26},"end":{"line":78,"column":null}},"type":"cond-expr","locations":[{"start":{"line":78,"column":45},"end":{"line":78,"column":58}},{"start":{"line":78,"column":58},"end":{"line":78,"column":null}}],"line":78},"5":{"loc":{"start":{"line":82,"column":22},"end":{"line":82,"column":null}},"type":"cond-expr","locations":[{"start":{"line":82,"column":43},"end":{"line":82,"column":54}},{"start":{"line":82,"column":54},"end":{"line":82,"column":null}}],"line":82},"6":{"loc":{"start":{"line":85,"column":22},"end":{"line":85,"column":null}},"type":"cond-expr","locations":[{"start":{"line":85,"column":43},"end":{"line":85,"column":54}},{"start":{"line":85,"column":54},"end":{"line":85,"column":null}}],"line":85}},"s":{"0":1,"1":1,"2":0,"3":34,"4":34,"5":36,"6":34,"7":36,"8":34,"9":36,"10":34,"11":34,"12":34,"13":18,"14":34,"15":18,"16":90,"17":78,"18":74,"19":34,"20":34},"f":{"0":0,"1":34,"2":36,"3":36,"4":36,"5":18,"6":18,"7":90,"8":78,"9":74},"b":{"0":[18,14,10],"1":[90,20],"2":[78,22,19],"3":[8,66],"4":[13,5],"5":[1,17],"6":[17,1]},"meta":{"lastBranch":7,"lastFunction":10,"lastStatement":21,"seen":{"s:13:6:13:Infinity":0,"s:15:13:19:Infinity":1,"f:16:10:16:16":0,"s:16:16:16:Infinity":2,"f:22:16:22:27":1,"s:23:15:23:Infinity":3,"s:25:8:25:Infinity":4,"f:25:34:25:35":2,"s:25:51:25:67":5,"s:26:8:26:Infinity":6,"f:26:32:26:33":3,"s:26:49:26:61":7,"s:27:8:27:Infinity":8,"f:27:32:27:33":4,"s:27:49:27:63":9,"s:29:8:29:Infinity":10,"s:30:19:30:Infinity":11,"s:32:8:35:Infinity":12,"f:33:4:33:10":5,"s:33:10:33:Infinity":13,"b:33:10:33:32:33:32:33:57:33:57:33:Infinity":0,"s:37:8:59:Infinity":14,"f:38:4:38:Infinity":6,"s:39:6:57:Infinity":15,"f:41:10:41:11":7,"s:42:12:43:Infinity":16,"b:42:12:42:Infinity:43:12:43:Infinity":1,"f:46:10:46:11":8,"s:47:12:53:Infinity":17,"b:47:12:47:Infinity:48:12:50:Infinity:51:12:53:Infinity":2,"f:55:14:55:15":9,"s:56:10:56:Infinity":18,"b:56:35:56:55:56:55:56:Infinity":3,"s:60:23:60:Infinity":19,"s:62:2:88:Infinity":20,"b:78:45:78:58:78:58:78:Infinity":4,"b:82:43:82:54:82:54:82:Infinity":5,"b:85:43:85:54:85:54:85:Infinity":6}}}
,"E:\\others\\ecom-task\\ecom-task\\src\\routes\\$productId\\index.tsx": {"path":"E:\\others\\ecom-task\\ecom-task\\src\\routes\\$productId\\index.tsx","statementMap":{"0":{"start":{"line":12,"column":6},"end":{"line":12,"column":null}},"1":{"start":{"line":14,"column":13},"end":{"line":19,"column":null}},"2":{"start":{"line":16,"column":4},"end":{"line":16,"column":null}},"3":{"start":{"line":21,"column":14},"end":{"line":21,"column":null}},"4":{"start":{"line":25,"column":20},"end":{"line":27,"column":null}},"5":{"start":{"line":28,"column":15},"end":{"line":28,"column":null}},"6":{"start":{"line":29,"column":18},"end":{"line":29,"column":null}},"7":{"start":{"line":31,"column":38},"end":{"line":31,"column":null}},"8":{"start":{"line":32,"column":40},"end":{"line":32,"column":null}},"9":{"start":{"line":34,"column":17},"end":{"line":34,"column":null}},"10":{"start":{"line":34,"column":50},"end":{"line":34,"column":63}},"11":{"start":{"line":36,"column":2},"end":{"line":437,"column":null}},"12":{"start":{"line":51,"column":14},"end":{"line":66,"column":null}},"13":{"start":{"line":54,"column":31},"end":{"line":54,"column":null}},"14":{"start":{"line":142,"column":18},"end":{"line":156,"column":null}},"15":{"start":{"line":145,"column":35},"end":{"line":145,"column":null}},"16":{"start":{"line":441,"column":6},"end":{"line":464,"column":null}},"17":{"start":{"line":442,"column":2},"end":{"line":462,"column":null}},"18":{"start":{"line":445,"column":8},"end":{"line":460,"column":null}},"19":{"start":{"line":465,"column":0},"end":{"line":465,"column":null}}},"fnMap":{"0":{"name":"(anonymous_0)","decl":{"start":{"line":15,"column":10},"end":{"line":15,"column":11}},"loc":{"start":{"line":16,"column":4},"end":{"line":16,"column":null}},"line":16},"1":{"name":"ProductViewPage","decl":{"start":{"line":24,"column":16},"end":{"line":24,"column":34}},"loc":{"start":{"line":24,"column":34},"end":{"line":439,"column":null}},"line":24},"2":{"name":"(anonymous_2)","decl":{"start":{"line":34,"column":43},"end":{"line":34,"column":44}},"loc":{"start":{"line":34,"column":50},"end":{"line":34,"column":63}},"line":34},"3":{"name":"(anonymous_3)","decl":{"start":{"line":50,"column":24},"end":{"line":50,"column":25}},"loc":{"start":{"line":51,"column":14},"end":{"line":66,"column":null}},"line":51},"4":{"name":"(anonymous_4)","decl":{"start":{"line":54,"column":25},"end":{"line":54,"column":31}},"loc":{"start":{"line":54,"column":31},"end":{"line":54,"column":null}},"line":54},"5":{"name":"(anonymous_5)","decl":{"start":{"line":141,"column":27},"end":{"line":141,"column":28}},"loc":{"start":{"line":142,"column":18},"end":{"line":156,"column":null}},"line":142},"6":{"name":"(anonymous_6)","decl":{"start":{"line":145,"column":29},"end":{"line":145,"column":35}},"loc":{"start":{"line":145,"column":35},"end":{"line":145,"column":null}},"line":145},"7":{"name":"(anonymous_7)","decl":{"start":{"line":441,"column":44},"end":{"line":441,"column":45}},"loc":{"start":{"line":441,"column":60},"end":{"line":464,"column":1}},"line":441},"8":{"name":"(anonymous_8)","decl":{"start":{"line":444,"column":27},"end":{"line":444,"column":28}},"loc":{"start":{"line":445,"column":8},"end":{"line":460,"column":null}},"line":445}},"branchMap":{"0":{"loc":{"start":{"line":56,"column":18},"end":{"line":58,"column":null}},"type":"cond-expr","locations":[{"start":{"line":57,"column":22},"end":{"line":57,"column":null}},{"start":{"line":58,"column":22},"end":{"line":58,"column":null}}],"line":56},"1":{"loc":{"start":{"line":129,"column":27},"end":{"line":129,"column":null}},"type":"cond-expr","locations":[{"start":{"line":129,"column":81},"end":{"line":129,"column":93}},{"start":{"line":129,"column":93},"end":{"line":129,"column":null}}],"line":129},"2":{"loc":{"start":{"line":148,"column":22},"end":{"line":152,"column":null}},"type":"cond-expr","locations":[{"start":{"line":149,"column":26},"end":{"line":149,"column":null}},{"start":{"line":150,"column":26},"end":{"line":152,"column":null}}],"line":148},"3":{"loc":{"start":{"line":150,"column":26},"end":{"line":152,"column":null}},"type":"cond-expr","locations":[{"start":{"line":151,"column":28},"end":{"line":151,"column":null}},{"start":{"line":152,"column":28},"end":{"line":152,"column":null}}],"line":150},"4":{"loc":{"start":{"line":448,"column":12},"end":{"line":448,"column":null}},"type":"cond-expr","locations":[{"start":{"line":448,"column":29},"end":{"line":448,"column":49}},{"start":{"line":448,"column":49},"end":{"line":448,"column":null}}],"line":448}},"s":{"0":1,"1":1,"2":0,"3":1,"4":14,"5":14,"6":14,"7":14,"8":14,"9":14,"10":28,"11":14,"12":28,"13":0,"14":35,"15":0,"16":1,"17":7,"18":35,"19":1},"f":{"0":0,"1":14,"2":28,"3":28,"4":0,"5":35,"6":0,"7":7,"8":35},"b":{"0":[7,21],"1":[1,6],"2":[7,28],"3":[7,21],"4":[28,7]},"meta":{"lastBranch":5,"lastFunction":9,"lastStatement":20,"seen":{"s:12:6:12:Infinity":0,"s:14:13:19:Infinity":1,"f:15:10:15:11":0,"s:16:4:16:Infinity":2,"s:21:14:21:Infinity":3,"f:24:16:24:34":1,"s:25:20:27:Infinity":4,"s:28:15:28:Infinity":5,"s:29:18:29:Infinity":6,"s:31:38:31:Infinity":7,"s:32:40:32:Infinity":8,"s:34:17:34:Infinity":9,"f:34:43:34:44":2,"s:34:50:34:63":10,"s:36:2:437:Infinity":11,"f:50:24:50:25":3,"s:51:14:66:Infinity":12,"f:54:25:54:31":4,"s:54:31:54:Infinity":13,"b:57:22:57:Infinity:58:22:58:Infinity":0,"b:129:81:129:93:129:93:129:Infinity":1,"f:141:27:141:28":5,"s:142:18:156:Infinity":14,"f:145:29:145:35":6,"s:145:35:145:Infinity":15,"b:149:26:149:Infinity:150:26:152:Infinity":2,"b:151:28:151:Infinity:152:28:152:Infinity":3,"s:441:6:464:Infinity":16,"f:441:44:441:45":7,"s:442:2:462:Infinity":17,"f:444:27:444:28":8,"s:445:8:460:Infinity":18,"b:448:29:448:49:448:49:448:Infinity":4,"s:465:0:465:Infinity":19}}}
,"E:\\others\\ecom-task\\ecom-task\\src\\routes\\favourites\\index.tsx": {"path":"E:\\others\\ecom-task\\ecom-task\\src\\routes\\favourites\\index.tsx","statementMap":{"0":{"start":{"line":7,"column":13},"end":{"line":9,"column":null}},"1":{"start":{"line":12,"column":8},"end":{"line":12,"column":null}},"2":{"start":{"line":13,"column":2},"end":{"line":22,"column":null}}},"fnMap":{"0":{"name":"FavouritesRoute","decl":{"start":{"line":11,"column":16},"end":{"line":11,"column":34}},"loc":{"start":{"line":11,"column":34},"end":{"line":24,"column":null}},"line":11}},"branchMap":{"0":{"loc":{"start":{"line":17,"column":7},"end":{"line":20,"column":null}},"type":"cond-expr","locations":[{"start":{"line":18,"column":8},"end":{"line":18,"column":null}},{"start":{"line":20,"column":8},"end":{"line":20,"column":null}}],"line":17}},"s":{"0":1,"1":2,"2":2},"f":{"0":2},"b":{"0":[1,1]},"meta":{"lastBranch":1,"lastFunction":1,"lastStatement":3,"seen":{"s:7:13:9:Infinity":0,"f:11:16:11:34":0,"s:12:8:12:Infinity":1,"s:13:2:22:Infinity":2,"b:18:8:18:Infinity:20:8:20:Infinity":0}}}
}
